<?xml version="1.0" encoding="UTF-8"?>
<testsuites name="RegressionTests" time="13" tests="1" failures="0" errors="0">
   <testsuite name="RegressionTests" tests="1" failures="0" errors="0" time="13" timestamp="2017-11-08 05:39:20" hostname="Kunal - Kunal-Shokeen" id="Test Suites/RegressionTests">
      <properties>
         <property name="deviceName" value=""/>
         <property name="devicePlatform" value=""/>
         <property name="logFolder" value="C:\\Users\\Kunal\\Katalon Studio\\KatalonDemoProject\\Reports\\RegressionTests\\20171108_053917"/>
         <property name="logFiles" value="C:\\Users\\Kunal\\Katalon Studio\\KatalonDemoProject\\Reports\\RegressionTests\\20171108_053917\\execution0.log"/>
         <property name="attachments" value=""/>
         <property name="hostName" value="Kunal - Kunal-Shokeen"/>
         <property name="os" value="Windows 7 64bit"/>
         <property name="katalonVersion" value="5.0.0.1"/>
         <property name="browser" value="Chrome 62.0.3202.75"/>
         <property name="hostAddress" value="10.1.13.72"/>
         <property name="sessionId" value="c9fe00d54ced355bf768fc89ac72c179"/>
         <property name="seleniumVersion" value="2.53.0"/>
         <property name="proxyInformation" value="ProxyInformation{proxyOption=NO_PROXY, proxyServerType=HTTP, password=, proxyServerAddress=, proxyServerPort=0}"/>
         <property name="platform" value="Windows 7"/>
      </properties>
      <testcase name="Test Cases/MakeAppointmentTest" classname="Test Cases/MakeAppointmentTest" status="PASSED">
         <system-out><![CDATA[2017-11-08 05:39:20 - [TEST_CASE][PASSED] - Test Cases/MakeAppointmentTest: Test Cases/MakeAppointmentTest

2017-11-08 05:39:21 - [TEST_STEP][PASSED] - openBrowser: Browser is opened with url: 'http://demoaut.katalon.com/'

2017-11-08 05:39:28 - [MESSAGE][PASSED] - Browser is opened with url: 'http://demoaut.katalon.com/'

2017-11-08 05:39:28 - [TEST_STEP][PASSED] - waitForPageLoad: Wait for page load successfully

2017-11-08 05:39:29 - [MESSAGE][PASSED] - Wait for page load successfully

2017-11-08 05:39:29 - [TEST_STEP][PASSED] - com.demo.utilities.CommonUtilities.clickOnElement: com.demo.utilities.CommonUtilities.clickOnElement is PASSED

2017-11-08 05:39:29 - [MESSAGE][PASSED] - Object 'Object Repository/Page_CURA Healthcare Service (1)/a_Make Appointment' is visible

2017-11-08 05:39:29 - [MESSAGE][PASSED] - Object: 'Object Repository/Page_CURA Healthcare Service (1)/a_Make Appointment' is clicked on

2017-11-08 05:39:29 - [MESSAGE][PASSED] - com.demo.utilities.CommonUtilities.clickOnElement is PASSED

2017-11-08 05:39:29 - [TEST_STEP][PASSED] - waitForPageLoad: Wait for page load successfully

2017-11-08 05:39:29 - [MESSAGE][PASSED] - Wait for page load successfully

2017-11-08 05:39:29 - [TEST_STEP][PASSED] - com.demo.utilities.CommonUtilities.setTextOnElement: com.demo.utilities.CommonUtilities.setTextOnElement is PASSED

2017-11-08 05:39:29 - [MESSAGE][PASSED] - Object 'Object Repository/Page_CURA Healthcare Service (1)/input_username' is visible

2017-11-08 05:39:29 - [MESSAGE][PASSED] - Text '' is set on object 'Object Repository/Page_CURA Healthcare Service (1)/input_username'

2017-11-08 05:39:30 - [MESSAGE][PASSED] - Text 'John Doe' is set on object 'Object Repository/Page_CURA Healthcare Service (1)/input_username'

2017-11-08 05:39:30 - [MESSAGE][PASSED] - com.demo.utilities.CommonUtilities.setTextOnElement is PASSED

2017-11-08 05:39:30 - [TEST_STEP][PASSED] - com.demo.utilities.CommonUtilities.setTextOnElement: com.demo.utilities.CommonUtilities.setTextOnElement is PASSED

2017-11-08 05:39:30 - [MESSAGE][PASSED] - Object 'Object Repository/Page_CURA Healthcare Service (1)/input_password' is visible

2017-11-08 05:39:30 - [MESSAGE][PASSED] - Text '' is set on object 'Object Repository/Page_CURA Healthcare Service (1)/input_password'

2017-11-08 05:39:30 - [MESSAGE][PASSED] - Text 'ThisIsNotAPassword' is set on object 'Object Repository/Page_CURA Healthcare Service (1)/input_password'

2017-11-08 05:39:30 - [MESSAGE][PASSED] - com.demo.utilities.CommonUtilities.setTextOnElement is PASSED

2017-11-08 05:39:30 - [TEST_STEP][PASSED] - com.demo.utilities.CommonUtilities.clickOnElement: com.demo.utilities.CommonUtilities.clickOnElement is PASSED

2017-11-08 05:39:30 - [MESSAGE][PASSED] - Object 'Object Repository/Page_CURA Healthcare Service (1)/button_Login' is visible

2017-11-08 05:39:31 - [MESSAGE][PASSED] - Object: 'Object Repository/Page_CURA Healthcare Service (1)/button_Login' is clicked on

2017-11-08 05:39:31 - [MESSAGE][PASSED] - com.demo.utilities.CommonUtilities.clickOnElement is PASSED

2017-11-08 05:39:31 - [TEST_STEP][PASSED] - waitForPageLoad: Wait for page load successfully

2017-11-08 05:39:31 - [MESSAGE][PASSED] - Wait for page load successfully

2017-11-08 05:39:31 - [TEST_STEP][PASSED] - waitForElementVisible: Object 'Object Repository/Page_CURA Healthcare Service (1)/select_facility' is visible

2017-11-08 05:39:31 - [MESSAGE][PASSED] - Object 'Object Repository/Page_CURA Healthcare Service (1)/select_facility' is visible

2017-11-08 05:39:31 - [TEST_STEP][PASSED] - Statement - flag = CustomKeywords.com.demo.utilities.CommonUtilities.checkDropDownListElementExist(com.kms.katalon.core.testobject.ObjectRepository.findTestObject(Object Repository/Page_CURA Healthcare Service (1)/select_facility), "Hongkong CURA Healthcare Center"): com.demo.utilities.CommonUtilities.checkDropDownListElementExist is PASSED

2017-11-08 05:39:31 - [MESSAGE][PASSED] - com.demo.utilities.CommonUtilities.checkDropDownListElementExist is PASSED

2017-11-08 05:39:31 - [TEST_STEP][PASSED] - Statement - If (flag): All options with value 'Hongkong CURA Healthcare Center' are selected in object 'Object Repository/Page_CURA Healthcare Service (1)/select_facility'  using regular expression

2017-11-08 05:39:31 - [TEST_STEP][PASSED] - selectOptionByValue: All options with value 'Hongkong CURA Healthcare Center' are selected in object 'Object Repository/Page_CURA Healthcare Service (1)/select_facility'  using regular expression

2017-11-08 05:39:31 - [MESSAGE][PASSED] - All options with value 'Hongkong CURA Healthcare Center' are selected in object 'Object Repository/Page_CURA Healthcare Service (1)/select_facility'  using regular expression

2017-11-08 05:39:31 - [TEST_STEP][PASSED] - com.demo.utilities.CommonUtilities.clickOnElement: com.demo.utilities.CommonUtilities.clickOnElement is PASSED

2017-11-08 05:39:31 - [MESSAGE][PASSED] - Object 'Object Repository/Page_CURA Healthcare Service (1)/input_hospital_readmission' is visible

2017-11-08 05:39:31 - [MESSAGE][PASSED] - Object: 'Object Repository/Page_CURA Healthcare Service (1)/input_hospital_readmission' is clicked on

2017-11-08 05:39:31 - [MESSAGE][PASSED] - com.demo.utilities.CommonUtilities.clickOnElement is PASSED

2017-11-08 05:39:31 - [TEST_STEP][PASSED] - com.demo.utilities.CommonUtilities.clickOnElement: com.demo.utilities.CommonUtilities.clickOnElement is PASSED

2017-11-08 05:39:31 - [MESSAGE][PASSED] - Object 'Object Repository/Page_CURA Healthcare Service (1)/input_programs' is visible

2017-11-08 05:39:31 - [MESSAGE][PASSED] - Object: 'Object Repository/Page_CURA Healthcare Service (1)/input_programs' is clicked on

2017-11-08 05:39:31 - [MESSAGE][PASSED] - com.demo.utilities.CommonUtilities.clickOnElement is PASSED

2017-11-08 05:39:31 - [TEST_STEP][PASSED] - com.demo.utilities.CommonUtilities.clickOnElement: com.demo.utilities.CommonUtilities.clickOnElement is PASSED

2017-11-08 05:39:31 - [MESSAGE][PASSED] - Object 'Object Repository/Page_CURA Healthcare Service (1)/VisitDate' is visible

2017-11-08 05:39:31 - [MESSAGE][PASSED] - Object: 'Object Repository/Page_CURA Healthcare Service (1)/VisitDate' is clicked on

2017-11-08 05:39:31 - [MESSAGE][PASSED] - com.demo.utilities.CommonUtilities.clickOnElement is PASSED

2017-11-08 05:39:31 - [TEST_STEP][PASSED] - com.demo.utilities.CommonUtilities.clickOnElement: com.demo.utilities.CommonUtilities.clickOnElement is PASSED

2017-11-08 05:39:32 - [MESSAGE][PASSED] - Object 'Object Repository/Page_CURA Healthcare Service (1)/td_25' is visible

2017-11-08 05:39:32 - [MESSAGE][PASSED] - Object: 'Object Repository/Page_CURA Healthcare Service (1)/td_25' is clicked on

2017-11-08 05:39:32 - [MESSAGE][PASSED] - com.demo.utilities.CommonUtilities.clickOnElement is PASSED

2017-11-08 05:39:32 - [TEST_STEP][PASSED] - com.demo.utilities.CommonUtilities.setTextOnElement: com.demo.utilities.CommonUtilities.setTextOnElement is PASSED

2017-11-08 05:39:32 - [MESSAGE][PASSED] - Object 'Object Repository/Page_CURA Healthcare Service (1)/textarea_comment' is visible

2017-11-08 05:39:32 - [MESSAGE][PASSED] - Text '' is set on object 'Object Repository/Page_CURA Healthcare Service (1)/textarea_comment'

2017-11-08 05:39:32 - [MESSAGE][PASSED] - Text 'Booking appointment' is set on object 'Object Repository/Page_CURA Healthcare Service (1)/textarea_comment'

2017-11-08 05:39:32 - [MESSAGE][PASSED] - com.demo.utilities.CommonUtilities.setTextOnElement is PASSED

2017-11-08 05:39:32 - [TEST_STEP][PASSED] - com.demo.utilities.CommonUtilities.clickOnElement: com.demo.utilities.CommonUtilities.clickOnElement is PASSED

2017-11-08 05:39:32 - [MESSAGE][PASSED] - Object 'Object Repository/Page_CURA Healthcare Service (1)/button_Book Appointment' is visible

2017-11-08 05:39:32 - [MESSAGE][PASSED] - Object: 'Object Repository/Page_CURA Healthcare Service (1)/button_Book Appointment' is clicked on

2017-11-08 05:39:32 - [MESSAGE][PASSED] - com.demo.utilities.CommonUtilities.clickOnElement is PASSED

2017-11-08 05:39:32 - [TEST_STEP][PASSED] - verifyTextPresent: Text 'Appointment Confirmation' is present on page  using regular expression

2017-11-08 05:39:33 - [MESSAGE][PASSED] - Text 'Appointment Confirmation' is present on page  using regular expression

2017-11-08 05:39:33 - [TEST_STEP][PASSED] - closeBrowser: Browser is closed

2017-11-08 05:39:34 - [MESSAGE][PASSED] - Browser is closed]]></system-out>
         <system-err><![CDATA[]]></system-err>
      </testcase>
      <system-out><![CDATA[2017-11-08 05:39:20 - [TEST_SUITE][PASSED] - RegressionTests: Test Cases/MakeAppointmentTest]]></system-out>
      <system-err><![CDATA[]]></system-err>
   </testsuite>
</testsuites>
