<?xml version="1.0" encoding="UTF-8"?>
<testsuites name="RegressionTests" time="52" tests="2" failures="0" errors="0">
   <testsuite name="RegressionTests" tests="2" failures="0" errors="0" time="52" timestamp="2017-11-09 07:07:01" hostname="Kunal - Kunal-Shokeen" id="Test Suites/RegressionTests">
      <properties>
         <property name="deviceName" value=""/>
         <property name="devicePlatform" value=""/>
         <property name="logFolder" value="C:\\Users\\Kunal\\Katalon Studio\\KatalonDemoProject\\Reports\\RegressionTests\\20171109_070700"/>
         <property name="logFiles" value="C:\\Users\\Kunal\\Katalon Studio\\KatalonDemoProject\\Reports\\RegressionTests\\20171109_070700\\execution0.log"/>
         <property name="attachments" value=""/>
         <property name="hostName" value="Kunal - Kunal-Shokeen"/>
         <property name="os" value="Windows 7 64bit"/>
         <property name="katalonVersion" value="5.0.1.1"/>
         <property name="browser" value="Firefox 47.0"/>
         <property name="hostAddress" value="10.1.13.106"/>
         <property name="sessionId" value="9af179ad-0818-4e52-8137-d7d8fbb781a7"/>
         <property name="seleniumVersion" value="2.53.0"/>
         <property name="proxyInformation" value="ProxyInformation{proxyOption=NO_PROXY, proxyServerType=HTTP, password=, proxyServerAddress=, proxyServerPort=0}"/>
         <property name="platform" value="Windows 7"/>
      </properties>
      <testcase name="Test Cases/Main Test Cases/TC1_Verify Successful Login" classname="Test Cases/Main Test Cases/TC1_Verify Successful Login" status="PASSED">
         <system-out><![CDATA[2017-11-09 07:07:02 - [TEST_CASE][PASSED] - Test Cases/Main Test Cases/TC1_Verify Successful Login: Test Cases/Main Test Cases/TC1_Verify Successful Login

2017-11-09 07:07:02 - [TEST_STEP][PASSED] - openBrowser: Browser is opened with url: 'http://demoaut.katalon.com/'

2017-11-09 07:07:13 - [MESSAGE][PASSED] - Browser is opened with url: 'http://demoaut.katalon.com/'

2017-11-09 07:07:13 - [TEST_STEP][PASSED] - maximizeWindow: Current window maximized

2017-11-09 07:07:13 - [MESSAGE][PASSED] - Current window maximized

2017-11-09 07:07:13 - [TEST_STEP][PASSED] - com.demo.utilities.CommonUtilities.waitForPageLoad: com.demo.utilities.CommonUtilities.waitForPageLoad is PASSED

2017-11-09 07:07:13 - [MESSAGE][PASSED] - Wait for page load successfully

2017-11-09 07:07:13 - [MESSAGE][PASSED] - com.demo.utilities.CommonUtilities.waitForPageLoad is PASSED

2017-11-09 07:07:13 - [TEST_STEP][PASSED] - delay: Delayed 2 second(s)

2017-11-09 07:07:15 - [MESSAGE][PASSED] - Delayed 2 second(s)

2017-11-09 07:07:15 - [TEST_STEP][PASSED] - callTestCase: Call Test Case 'Test Cases/Common Test Cases/Login' successfully

2017-11-09 07:07:15 - [TEST_CASE][PASSED] - Test Cases/Common Test Cases/Login: Test Cases/Common Test Cases/Login

2017-11-09 07:07:15 - [TEST_STEP][PASSED] - com.demo.utilities.CommonUtilities.waitForElementVisible: com.demo.utilities.CommonUtilities.waitForElementVisible is PASSED

2017-11-09 07:07:15 - [MESSAGE][PASSED] - Object 'Object Repository/Page_CuraHomePage/a_Make Appointment' is visible

2017-11-09 07:07:15 - [MESSAGE][PASSED] - com.demo.utilities.CommonUtilities.waitForElementVisible is PASSED

2017-11-09 07:07:15 - [TEST_STEP][PASSED] - com.demo.utilities.CommonUtilities.clickOnElement: com.demo.utilities.CommonUtilities.clickOnElement is PASSED

2017-11-09 07:07:15 - [MESSAGE][PASSED] - Object 'Object Repository/Page_CuraHomePage/a_Make Appointment' is visible

2017-11-09 07:07:16 - [MESSAGE][PASSED] - Object: 'Object Repository/Page_CuraHomePage/a_Make Appointment' is clicked on

2017-11-09 07:07:16 - [MESSAGE][PASSED] - com.demo.utilities.CommonUtilities.clickOnElement is PASSED

2017-11-09 07:07:16 - [TEST_STEP][PASSED] - com.demo.utilities.CommonUtilities.waitForPageLoad: com.demo.utilities.CommonUtilities.waitForPageLoad is PASSED

2017-11-09 07:07:16 - [MESSAGE][PASSED] - Wait for page load successfully

2017-11-09 07:07:16 - [MESSAGE][PASSED] - com.demo.utilities.CommonUtilities.waitForPageLoad is PASSED

2017-11-09 07:07:16 - [TEST_STEP][PASSED] - delay: Delayed 3 second(s)

2017-11-09 07:07:19 - [MESSAGE][PASSED] - Delayed 3 second(s)

2017-11-09 07:07:19 - [TEST_STEP][PASSED] - com.demo.utilities.CommonUtilities.waitForElementVisible: com.demo.utilities.CommonUtilities.waitForElementVisible is PASSED

2017-11-09 07:07:19 - [MESSAGE][PASSED] - Object 'Object Repository/Page_Login/input_username' is visible

2017-11-09 07:07:19 - [MESSAGE][PASSED] - com.demo.utilities.CommonUtilities.waitForElementVisible is PASSED

2017-11-09 07:07:19 - [TEST_STEP][PASSED] - com.demo.utilities.CommonUtilities.setTextOnElement: com.demo.utilities.CommonUtilities.setTextOnElement is PASSED

2017-11-09 07:07:19 - [MESSAGE][PASSED] - Object 'Object Repository/Page_Login/input_username' is visible

2017-11-09 07:07:19 - [MESSAGE][PASSED] - Text '' is set on object 'Object Repository/Page_Login/input_username'

2017-11-09 07:07:19 - [MESSAGE][PASSED] - Text 'John Doe' is set on object 'Object Repository/Page_Login/input_username'

2017-11-09 07:07:19 - [MESSAGE][PASSED] - com.demo.utilities.CommonUtilities.setTextOnElement is PASSED

2017-11-09 07:07:19 - [TEST_STEP][PASSED] - com.demo.utilities.CommonUtilities.waitForElementVisible: com.demo.utilities.CommonUtilities.waitForElementVisible is PASSED

2017-11-09 07:07:19 - [MESSAGE][PASSED] - Object 'Object Repository/Page_Login/input_password' is visible

2017-11-09 07:07:19 - [MESSAGE][PASSED] - com.demo.utilities.CommonUtilities.waitForElementVisible is PASSED

2017-11-09 07:07:19 - [TEST_STEP][PASSED] - com.demo.utilities.CommonUtilities.setTextOnElement: com.demo.utilities.CommonUtilities.setTextOnElement is PASSED

2017-11-09 07:07:19 - [MESSAGE][PASSED] - Object 'Object Repository/Page_Login/input_password' is visible

2017-11-09 07:07:20 - [MESSAGE][PASSED] - Text '' is set on object 'Object Repository/Page_Login/input_password'

2017-11-09 07:07:20 - [MESSAGE][PASSED] - Text 'ThisIsNotAPassword' is set on object 'Object Repository/Page_Login/input_password'

2017-11-09 07:07:20 - [MESSAGE][PASSED] - com.demo.utilities.CommonUtilities.setTextOnElement is PASSED

2017-11-09 07:07:20 - [TEST_STEP][PASSED] - com.demo.utilities.CommonUtilities.waitForElementVisible: com.demo.utilities.CommonUtilities.waitForElementVisible is PASSED

2017-11-09 07:07:20 - [MESSAGE][PASSED] - Object 'Object Repository/Page_Login/button_Login' is visible

2017-11-09 07:07:20 - [MESSAGE][PASSED] - com.demo.utilities.CommonUtilities.waitForElementVisible is PASSED

2017-11-09 07:07:20 - [TEST_STEP][PASSED] - com.demo.utilities.CommonUtilities.clickOnElement: com.demo.utilities.CommonUtilities.clickOnElement is PASSED

2017-11-09 07:07:20 - [MESSAGE][PASSED] - Object 'Object Repository/Page_Login/button_Login' is visible

2017-11-09 07:07:21 - [MESSAGE][PASSED] - Object: 'Object Repository/Page_Login/button_Login' is clicked on

2017-11-09 07:07:21 - [MESSAGE][PASSED] - com.demo.utilities.CommonUtilities.clickOnElement is PASSED

2017-11-09 07:07:21 - [TEST_STEP][PASSED] - com.demo.utilities.CommonUtilities.waitForPageLoad: com.demo.utilities.CommonUtilities.waitForPageLoad is PASSED

2017-11-09 07:07:21 - [MESSAGE][PASSED] - Wait for page load successfully

2017-11-09 07:07:21 - [MESSAGE][PASSED] - com.demo.utilities.CommonUtilities.waitForPageLoad is PASSED

2017-11-09 07:07:21 - [TEST_STEP][PASSED] - delay: Delayed 3 second(s)

2017-11-09 07:07:24 - [MESSAGE][PASSED] - Delayed 3 second(s)

2017-11-09 07:07:24 - [MESSAGE][PASSED] - Call Test Case 'Test Cases/Common Test Cases/Login' successfully

2017-11-09 07:07:24 - [TEST_STEP][PASSED] - verifyElementPresent: Object 'Object Repository/Page_CuraHomePage/div_Appointment' is present

2017-11-09 07:07:24 - [MESSAGE][PASSED] - Object 'Object Repository/Page_CuraHomePage/div_Appointment' is present

2017-11-09 07:07:24 - [TEST_STEP][PASSED] - closeBrowser: Browser is closed

2017-11-09 07:07:24 - [MESSAGE][PASSED] - Browser is closed]]></system-out>
         <system-err><![CDATA[]]></system-err>
      </testcase>
      <testcase name="Test Cases/Main Test Cases/TC2_Verify Successful Appointment" classname="Test Cases/Main Test Cases/TC2_Verify Successful Appointment" status="PASSED">
         <system-out><![CDATA[2017-11-09 07:07:24 - [TEST_CASE][PASSED] - Test Cases/Main Test Cases/TC2_Verify Successful Appointment: Test Cases/Main Test Cases/TC2_Verify Successful Appointment

2017-11-09 07:07:24 - [TEST_STEP][PASSED] - openBrowser: Browser is opened with url: 'http://demoaut.katalon.com/'

2017-11-09 07:07:34 - [MESSAGE][PASSED] - Browser is opened with url: 'http://demoaut.katalon.com/'

2017-11-09 07:07:34 - [TEST_STEP][PASSED] - maximizeWindow: Current window maximized

2017-11-09 07:07:34 - [MESSAGE][PASSED] - Current window maximized

2017-11-09 07:07:34 - [TEST_STEP][PASSED] - com.demo.utilities.CommonUtilities.waitForPageLoad: com.demo.utilities.CommonUtilities.waitForPageLoad is PASSED

2017-11-09 07:07:34 - [MESSAGE][PASSED] - Wait for page load successfully

2017-11-09 07:07:34 - [MESSAGE][PASSED] - com.demo.utilities.CommonUtilities.waitForPageLoad is PASSED

2017-11-09 07:07:34 - [TEST_STEP][PASSED] - delay: Delayed 3 second(s)

2017-11-09 07:07:37 - [MESSAGE][PASSED] - Delayed 3 second(s)

2017-11-09 07:07:37 - [TEST_STEP][PASSED] - callTestCase: Call Test Case 'Test Cases/Common Test Cases/Login' successfully

2017-11-09 07:07:37 - [TEST_CASE][PASSED] - Test Cases/Common Test Cases/Login: Test Cases/Common Test Cases/Login

2017-11-09 07:07:37 - [TEST_STEP][PASSED] - com.demo.utilities.CommonUtilities.waitForElementVisible: com.demo.utilities.CommonUtilities.waitForElementVisible is PASSED

2017-11-09 07:07:37 - [MESSAGE][PASSED] - Object 'Object Repository/Page_CuraHomePage/a_Make Appointment' is visible

2017-11-09 07:07:37 - [MESSAGE][PASSED] - com.demo.utilities.CommonUtilities.waitForElementVisible is PASSED

2017-11-09 07:07:37 - [TEST_STEP][PASSED] - com.demo.utilities.CommonUtilities.clickOnElement: com.demo.utilities.CommonUtilities.clickOnElement is PASSED

2017-11-09 07:07:37 - [MESSAGE][PASSED] - Object 'Object Repository/Page_CuraHomePage/a_Make Appointment' is visible

2017-11-09 07:07:38 - [MESSAGE][PASSED] - Object: 'Object Repository/Page_CuraHomePage/a_Make Appointment' is clicked on

2017-11-09 07:07:38 - [MESSAGE][PASSED] - com.demo.utilities.CommonUtilities.clickOnElement is PASSED

2017-11-09 07:07:38 - [TEST_STEP][PASSED] - com.demo.utilities.CommonUtilities.waitForPageLoad: com.demo.utilities.CommonUtilities.waitForPageLoad is PASSED

2017-11-09 07:07:38 - [MESSAGE][PASSED] - Wait for page load successfully

2017-11-09 07:07:38 - [MESSAGE][PASSED] - com.demo.utilities.CommonUtilities.waitForPageLoad is PASSED

2017-11-09 07:07:38 - [TEST_STEP][PASSED] - delay: Delayed 3 second(s)

2017-11-09 07:07:41 - [MESSAGE][PASSED] - Delayed 3 second(s)

2017-11-09 07:07:41 - [TEST_STEP][PASSED] - com.demo.utilities.CommonUtilities.waitForElementVisible: com.demo.utilities.CommonUtilities.waitForElementVisible is PASSED

2017-11-09 07:07:41 - [MESSAGE][PASSED] - Object 'Object Repository/Page_Login/input_username' is visible

2017-11-09 07:07:41 - [MESSAGE][PASSED] - com.demo.utilities.CommonUtilities.waitForElementVisible is PASSED

2017-11-09 07:07:41 - [TEST_STEP][PASSED] - com.demo.utilities.CommonUtilities.setTextOnElement: com.demo.utilities.CommonUtilities.setTextOnElement is PASSED

2017-11-09 07:07:41 - [MESSAGE][PASSED] - Object 'Object Repository/Page_Login/input_username' is visible

2017-11-09 07:07:41 - [MESSAGE][PASSED] - Text '' is set on object 'Object Repository/Page_Login/input_username'

2017-11-09 07:07:41 - [MESSAGE][PASSED] - Text 'John Doe' is set on object 'Object Repository/Page_Login/input_username'

2017-11-09 07:07:41 - [MESSAGE][PASSED] - com.demo.utilities.CommonUtilities.setTextOnElement is PASSED

2017-11-09 07:07:41 - [TEST_STEP][PASSED] - com.demo.utilities.CommonUtilities.waitForElementVisible: com.demo.utilities.CommonUtilities.waitForElementVisible is PASSED

2017-11-09 07:07:41 - [MESSAGE][PASSED] - Object 'Object Repository/Page_Login/input_password' is visible

2017-11-09 07:07:41 - [MESSAGE][PASSED] - com.demo.utilities.CommonUtilities.waitForElementVisible is PASSED

2017-11-09 07:07:41 - [TEST_STEP][PASSED] - com.demo.utilities.CommonUtilities.setTextOnElement: com.demo.utilities.CommonUtilities.setTextOnElement is PASSED

2017-11-09 07:07:41 - [MESSAGE][PASSED] - Object 'Object Repository/Page_Login/input_password' is visible

2017-11-09 07:07:41 - [MESSAGE][PASSED] - Text '' is set on object 'Object Repository/Page_Login/input_password'

2017-11-09 07:07:41 - [MESSAGE][PASSED] - Text 'ThisIsNotAPassword' is set on object 'Object Repository/Page_Login/input_password'

2017-11-09 07:07:41 - [MESSAGE][PASSED] - com.demo.utilities.CommonUtilities.setTextOnElement is PASSED

2017-11-09 07:07:41 - [TEST_STEP][PASSED] - com.demo.utilities.CommonUtilities.waitForElementVisible: com.demo.utilities.CommonUtilities.waitForElementVisible is PASSED

2017-11-09 07:07:41 - [MESSAGE][PASSED] - Object 'Object Repository/Page_Login/button_Login' is visible

2017-11-09 07:07:41 - [MESSAGE][PASSED] - com.demo.utilities.CommonUtilities.waitForElementVisible is PASSED

2017-11-09 07:07:41 - [TEST_STEP][PASSED] - com.demo.utilities.CommonUtilities.clickOnElement: com.demo.utilities.CommonUtilities.clickOnElement is PASSED

2017-11-09 07:07:41 - [MESSAGE][PASSED] - Object 'Object Repository/Page_Login/button_Login' is visible

2017-11-09 07:07:42 - [MESSAGE][PASSED] - Object: 'Object Repository/Page_Login/button_Login' is clicked on

2017-11-09 07:07:42 - [MESSAGE][PASSED] - com.demo.utilities.CommonUtilities.clickOnElement is PASSED

2017-11-09 07:07:42 - [TEST_STEP][PASSED] - com.demo.utilities.CommonUtilities.waitForPageLoad: com.demo.utilities.CommonUtilities.waitForPageLoad is PASSED

2017-11-09 07:07:42 - [MESSAGE][PASSED] - Wait for page load successfully

2017-11-09 07:07:42 - [MESSAGE][PASSED] - com.demo.utilities.CommonUtilities.waitForPageLoad is PASSED

2017-11-09 07:07:42 - [TEST_STEP][PASSED] - delay: Delayed 3 second(s)

2017-11-09 07:07:45 - [MESSAGE][PASSED] - Delayed 3 second(s)

2017-11-09 07:07:45 - [MESSAGE][PASSED] - Call Test Case 'Test Cases/Common Test Cases/Login' successfully

2017-11-09 07:07:45 - [TEST_STEP][PASSED] - waitForElementVisible: Object 'Object Repository/Page_CuraAppointment/select_facility' is visible

2017-11-09 07:07:45 - [MESSAGE][PASSED] - Object 'Object Repository/Page_CuraAppointment/select_facility' is visible

2017-11-09 07:07:45 - [TEST_STEP][PASSED] - Statement - flag = CustomKeywords.com.demo.utilities.CommonUtilities.checkDropDownListElementExist(com.kms.katalon.core.testobject.ObjectRepository.findTestObject(Page_CuraAppointment/select_facility), "Hongkong CURA Healthcare Center"): com.demo.utilities.CommonUtilities.checkDropDownListElementExist is PASSED

2017-11-09 07:07:45 - [MESSAGE][PASSED] - com.demo.utilities.CommonUtilities.checkDropDownListElementExist is PASSED

2017-11-09 07:07:45 - [TEST_STEP][PASSED] - Statement - If (flag): All options with value 'Hongkong CURA Healthcare Center' are selected in object 'Object Repository/Page_CuraAppointment/select_facility'  using regular expression

2017-11-09 07:07:45 - [TEST_STEP][PASSED] - selectOptionByValue: All options with value 'Hongkong CURA Healthcare Center' are selected in object 'Object Repository/Page_CuraAppointment/select_facility'  using regular expression

2017-11-09 07:07:46 - [MESSAGE][PASSED] - All options with value 'Hongkong CURA Healthcare Center' are selected in object 'Object Repository/Page_CuraAppointment/select_facility'  using regular expression

2017-11-09 07:07:46 - [TEST_STEP][PASSED] - com.demo.utilities.CommonUtilities.clickOnElement: com.demo.utilities.CommonUtilities.clickOnElement is PASSED

2017-11-09 07:07:46 - [MESSAGE][PASSED] - Object 'Object Repository/Page_CuraAppointment/input_hospital_readmission' is visible

2017-11-09 07:07:46 - [MESSAGE][PASSED] - Object: 'Object Repository/Page_CuraAppointment/input_hospital_readmission' is clicked on

2017-11-09 07:07:46 - [MESSAGE][PASSED] - com.demo.utilities.CommonUtilities.clickOnElement is PASSED

2017-11-09 07:07:46 - [TEST_STEP][PASSED] - com.demo.utilities.CommonUtilities.clickOnElement: com.demo.utilities.CommonUtilities.clickOnElement is PASSED

2017-11-09 07:07:46 - [MESSAGE][PASSED] - Object 'Object Repository/Page_CuraAppointment/input_programs' is visible

2017-11-09 07:07:46 - [MESSAGE][PASSED] - Object: 'Object Repository/Page_CuraAppointment/input_programs' is clicked on

2017-11-09 07:07:46 - [MESSAGE][PASSED] - com.demo.utilities.CommonUtilities.clickOnElement is PASSED

2017-11-09 07:07:46 - [TEST_STEP][PASSED] - com.demo.utilities.CommonUtilities.clickOnElement: com.demo.utilities.CommonUtilities.clickOnElement is PASSED

2017-11-09 07:07:46 - [MESSAGE][PASSED] - Object 'Object Repository/Page_CuraAppointment/VisitDate' is visible

2017-11-09 07:07:46 - [MESSAGE][PASSED] - Object: 'Object Repository/Page_CuraAppointment/VisitDate' is clicked on

2017-11-09 07:07:46 - [MESSAGE][PASSED] - com.demo.utilities.CommonUtilities.clickOnElement is PASSED

2017-11-09 07:07:46 - [TEST_STEP][PASSED] - com.demo.utilities.CommonUtilities.clickOnElement: com.demo.utilities.CommonUtilities.clickOnElement is PASSED

2017-11-09 07:07:46 - [MESSAGE][PASSED] - Object 'Object Repository/Page_CuraAppointment/td_25' is visible

2017-11-09 07:07:46 - [MESSAGE][PASSED] - Object: 'Object Repository/Page_CuraAppointment/td_25' is clicked on

2017-11-09 07:07:46 - [MESSAGE][PASSED] - com.demo.utilities.CommonUtilities.clickOnElement is PASSED

2017-11-09 07:07:46 - [TEST_STEP][PASSED] - com.demo.utilities.CommonUtilities.setTextOnElement: com.demo.utilities.CommonUtilities.setTextOnElement is PASSED

2017-11-09 07:07:46 - [MESSAGE][PASSED] - Object 'Object Repository/Page_CuraAppointment/textarea_comment' is visible

2017-11-09 07:07:47 - [MESSAGE][PASSED] - Text '' is set on object 'Object Repository/Page_CuraAppointment/textarea_comment'

2017-11-09 07:07:47 - [MESSAGE][PASSED] - Text 'Booking appointment' is set on object 'Object Repository/Page_CuraAppointment/textarea_comment'

2017-11-09 07:07:47 - [MESSAGE][PASSED] - com.demo.utilities.CommonUtilities.setTextOnElement is PASSED

2017-11-09 07:07:47 - [TEST_STEP][PASSED] - delay: Delayed 3 second(s)

2017-11-09 07:07:50 - [MESSAGE][PASSED] - Delayed 3 second(s)

2017-11-09 07:07:50 - [TEST_STEP][PASSED] - com.demo.utilities.CommonUtilities.clickOnElement: com.demo.utilities.CommonUtilities.clickOnElement is PASSED

2017-11-09 07:07:50 - [MESSAGE][PASSED] - Object 'Object Repository/Page_CuraAppointment/button_Book Appointment' is visible

2017-11-09 07:07:50 - [MESSAGE][PASSED] - Object: 'Object Repository/Page_CuraAppointment/button_Book Appointment' is clicked on

2017-11-09 07:07:50 - [MESSAGE][PASSED] - com.demo.utilities.CommonUtilities.clickOnElement is PASSED

2017-11-09 07:07:50 - [TEST_STEP][PASSED] - com.demo.utilities.CommonUtilities.waitForPageLoad: com.demo.utilities.CommonUtilities.waitForPageLoad is PASSED

2017-11-09 07:07:50 - [MESSAGE][PASSED] - Wait for page load successfully

2017-11-09 07:07:50 - [MESSAGE][PASSED] - com.demo.utilities.CommonUtilities.waitForPageLoad is PASSED

2017-11-09 07:07:50 - [TEST_STEP][PASSED] - delay: Delayed 3 second(s)

2017-11-09 07:07:53 - [MESSAGE][PASSED] - Delayed 3 second(s)

2017-11-09 07:07:53 - [TEST_STEP][PASSED] - verifyTextPresent: Text 'Appointment Confirmation' is present on page  using regular expression

2017-11-09 07:07:54 - [MESSAGE][PASSED] - Text 'Appointment Confirmation' is present on page  using regular expression

2017-11-09 07:07:54 - [TEST_STEP][PASSED] - closeBrowser: Browser is closed

2017-11-09 07:07:54 - [MESSAGE][PASSED] - Browser is closed]]></system-out>
         <system-err><![CDATA[]]></system-err>
      </testcase>
      <system-out><![CDATA[2017-11-09 07:07:01 - [TEST_SUITE][PASSED] - RegressionTests: Test Cases/Main Test Cases/TC2_Verify Successful Appointment]]></system-out>
      <system-err><![CDATA[]]></system-err>
   </testsuite>
</testsuites>
