<?xml version="1.0" encoding="UTF-8"?>
<testsuites name="RegressionTests" time="51" tests="2" failures="0" errors="0">
   <testsuite name="RegressionTests" tests="2" failures="0" errors="0" time="51" timestamp="2017-11-09 07:08:04" hostname="Kunal - Kunal-Shokeen" id="Test Suites/RegressionTests">
      <properties>
         <property name="deviceName" value=""/>
         <property name="devicePlatform" value=""/>
         <property name="logFolder" value="C:\\Users\\Kunal\\Katalon Studio\\KatalonDemoProject\\Reports\\RegressionTests\\20171109_070802"/>
         <property name="logFiles" value="C:\\Users\\Kunal\\Katalon Studio\\KatalonDemoProject\\Reports\\RegressionTests\\20171109_070802\\execution0.log"/>
         <property name="attachments" value=""/>
         <property name="hostName" value="Kunal - Kunal-Shokeen"/>
         <property name="os" value="Windows 7 64bit"/>
         <property name="katalonVersion" value="5.0.1.1"/>
         <property name="browser" value="Firefox 47.0"/>
         <property name="hostAddress" value="10.1.13.106"/>
         <property name="sessionId" value="47522279-7954-4391-b2b4-657bc745dba0"/>
         <property name="seleniumVersion" value="2.53.0"/>
         <property name="proxyInformation" value="ProxyInformation{proxyOption=NO_PROXY, proxyServerType=HTTP, password=, proxyServerAddress=, proxyServerPort=0}"/>
         <property name="platform" value="Windows 7"/>
      </properties>
      <testcase name="Test Cases/Main Test Cases/TC1_Verify Successful Login" classname="Test Cases/Main Test Cases/TC1_Verify Successful Login" status="PASSED">
         <system-out><![CDATA[2017-11-09 07:08:04 - [TEST_CASE][PASSED] - Test Cases/Main Test Cases/TC1_Verify Successful Login: Test Cases/Main Test Cases/TC1_Verify Successful Login

2017-11-09 07:08:04 - [TEST_STEP][PASSED] - openBrowser: Browser is opened with url: 'http://demoaut.katalon.com/'

2017-11-09 07:08:15 - [MESSAGE][PASSED] - Browser is opened with url: 'http://demoaut.katalon.com/'

2017-11-09 07:08:15 - [TEST_STEP][PASSED] - maximizeWindow: Current window maximized

2017-11-09 07:08:15 - [MESSAGE][PASSED] - Current window maximized

2017-11-09 07:08:15 - [TEST_STEP][PASSED] - com.demo.utilities.CommonUtilities.waitForPageLoad: com.demo.utilities.CommonUtilities.waitForPageLoad is PASSED

2017-11-09 07:08:15 - [MESSAGE][PASSED] - Wait for page load successfully

2017-11-09 07:08:15 - [MESSAGE][PASSED] - com.demo.utilities.CommonUtilities.waitForPageLoad is PASSED

2017-11-09 07:08:15 - [TEST_STEP][PASSED] - delay: Delayed 2 second(s)

2017-11-09 07:08:17 - [MESSAGE][PASSED] - Delayed 2 second(s)

2017-11-09 07:08:17 - [TEST_STEP][PASSED] - callTestCase: Call Test Case 'Test Cases/Common Test Cases/Login' successfully

2017-11-09 07:08:17 - [TEST_CASE][PASSED] - Test Cases/Common Test Cases/Login: Test Cases/Common Test Cases/Login

2017-11-09 07:08:17 - [TEST_STEP][PASSED] - com.demo.utilities.CommonUtilities.waitForElementVisible: com.demo.utilities.CommonUtilities.waitForElementVisible is PASSED

2017-11-09 07:08:18 - [MESSAGE][PASSED] - Object 'Object Repository/Page_CuraHomePage/a_Make Appointment' is visible

2017-11-09 07:08:18 - [MESSAGE][PASSED] - com.demo.utilities.CommonUtilities.waitForElementVisible is PASSED

2017-11-09 07:08:18 - [TEST_STEP][PASSED] - com.demo.utilities.CommonUtilities.clickOnElement: com.demo.utilities.CommonUtilities.clickOnElement is PASSED

2017-11-09 07:08:18 - [MESSAGE][PASSED] - Object 'Object Repository/Page_CuraHomePage/a_Make Appointment' is visible

2017-11-09 07:08:18 - [MESSAGE][PASSED] - Object: 'Object Repository/Page_CuraHomePage/a_Make Appointment' is clicked on

2017-11-09 07:08:18 - [MESSAGE][PASSED] - com.demo.utilities.CommonUtilities.clickOnElement is PASSED

2017-11-09 07:08:18 - [TEST_STEP][PASSED] - com.demo.utilities.CommonUtilities.waitForPageLoad: com.demo.utilities.CommonUtilities.waitForPageLoad is PASSED

2017-11-09 07:08:18 - [MESSAGE][PASSED] - Wait for page load successfully

2017-11-09 07:08:18 - [MESSAGE][PASSED] - com.demo.utilities.CommonUtilities.waitForPageLoad is PASSED

2017-11-09 07:08:18 - [TEST_STEP][PASSED] - delay: Delayed 3 second(s)

2017-11-09 07:08:21 - [MESSAGE][PASSED] - Delayed 3 second(s)

2017-11-09 07:08:21 - [TEST_STEP][PASSED] - com.demo.utilities.CommonUtilities.waitForElementVisible: com.demo.utilities.CommonUtilities.waitForElementVisible is PASSED

2017-11-09 07:08:21 - [MESSAGE][PASSED] - Object 'Object Repository/Page_Login/input_username' is visible

2017-11-09 07:08:21 - [MESSAGE][PASSED] - com.demo.utilities.CommonUtilities.waitForElementVisible is PASSED

2017-11-09 07:08:21 - [TEST_STEP][PASSED] - com.demo.utilities.CommonUtilities.setTextOnElement: com.demo.utilities.CommonUtilities.setTextOnElement is PASSED

2017-11-09 07:08:21 - [MESSAGE][PASSED] - Object 'Object Repository/Page_Login/input_username' is visible

2017-11-09 07:08:22 - [MESSAGE][PASSED] - Text '' is set on object 'Object Repository/Page_Login/input_username'

2017-11-09 07:08:22 - [MESSAGE][PASSED] - Text 'John Doe' is set on object 'Object Repository/Page_Login/input_username'

2017-11-09 07:08:22 - [MESSAGE][PASSED] - com.demo.utilities.CommonUtilities.setTextOnElement is PASSED

2017-11-09 07:08:22 - [TEST_STEP][PASSED] - com.demo.utilities.CommonUtilities.waitForElementVisible: com.demo.utilities.CommonUtilities.waitForElementVisible is PASSED

2017-11-09 07:08:22 - [MESSAGE][PASSED] - Object 'Object Repository/Page_Login/input_password' is visible

2017-11-09 07:08:22 - [MESSAGE][PASSED] - com.demo.utilities.CommonUtilities.waitForElementVisible is PASSED

2017-11-09 07:08:22 - [TEST_STEP][PASSED] - com.demo.utilities.CommonUtilities.setTextOnElement: com.demo.utilities.CommonUtilities.setTextOnElement is PASSED

2017-11-09 07:08:22 - [MESSAGE][PASSED] - Object 'Object Repository/Page_Login/input_password' is visible

2017-11-09 07:08:22 - [MESSAGE][PASSED] - Text '' is set on object 'Object Repository/Page_Login/input_password'

2017-11-09 07:08:22 - [MESSAGE][PASSED] - Text 'ThisIsNotAPassword' is set on object 'Object Repository/Page_Login/input_password'

2017-11-09 07:08:22 - [MESSAGE][PASSED] - com.demo.utilities.CommonUtilities.setTextOnElement is PASSED

2017-11-09 07:08:22 - [TEST_STEP][PASSED] - com.demo.utilities.CommonUtilities.waitForElementVisible: com.demo.utilities.CommonUtilities.waitForElementVisible is PASSED

2017-11-09 07:08:22 - [MESSAGE][PASSED] - Object 'Object Repository/Page_Login/button_Login' is visible

2017-11-09 07:08:22 - [MESSAGE][PASSED] - com.demo.utilities.CommonUtilities.waitForElementVisible is PASSED

2017-11-09 07:08:22 - [TEST_STEP][PASSED] - com.demo.utilities.CommonUtilities.clickOnElement: com.demo.utilities.CommonUtilities.clickOnElement is PASSED

2017-11-09 07:08:22 - [MESSAGE][PASSED] - Object 'Object Repository/Page_Login/button_Login' is visible

2017-11-09 07:08:23 - [MESSAGE][PASSED] - Object: 'Object Repository/Page_Login/button_Login' is clicked on

2017-11-09 07:08:23 - [MESSAGE][PASSED] - com.demo.utilities.CommonUtilities.clickOnElement is PASSED

2017-11-09 07:08:23 - [TEST_STEP][PASSED] - com.demo.utilities.CommonUtilities.waitForPageLoad: com.demo.utilities.CommonUtilities.waitForPageLoad is PASSED

2017-11-09 07:08:23 - [MESSAGE][PASSED] - Wait for page load successfully

2017-11-09 07:08:23 - [MESSAGE][PASSED] - com.demo.utilities.CommonUtilities.waitForPageLoad is PASSED

2017-11-09 07:08:23 - [TEST_STEP][PASSED] - delay: Delayed 3 second(s)

2017-11-09 07:08:26 - [MESSAGE][PASSED] - Delayed 3 second(s)

2017-11-09 07:08:26 - [MESSAGE][PASSED] - Call Test Case 'Test Cases/Common Test Cases/Login' successfully

2017-11-09 07:08:26 - [TEST_STEP][PASSED] - verifyElementPresent: Object 'Object Repository/Page_CuraHomePage/div_Appointment' is present

2017-11-09 07:08:26 - [MESSAGE][PASSED] - Object 'Object Repository/Page_CuraHomePage/div_Appointment' is present

2017-11-09 07:08:26 - [TEST_STEP][PASSED] - closeBrowser: Browser is closed

2017-11-09 07:08:26 - [MESSAGE][PASSED] - Browser is closed]]></system-out>
         <system-err><![CDATA[]]></system-err>
      </testcase>
      <testcase name="Test Cases/Main Test Cases/TC2_Verify Successful Appointment" classname="Test Cases/Main Test Cases/TC2_Verify Successful Appointment" status="PASSED">
         <system-out><![CDATA[2017-11-09 07:08:26 - [TEST_CASE][PASSED] - Test Cases/Main Test Cases/TC2_Verify Successful Appointment: Test Cases/Main Test Cases/TC2_Verify Successful Appointment

2017-11-09 07:08:27 - [TEST_STEP][PASSED] - openBrowser: Browser is opened with url: 'http://demoaut.katalon.com/'

2017-11-09 07:08:35 - [MESSAGE][PASSED] - Browser is opened with url: 'http://demoaut.katalon.com/'

2017-11-09 07:08:35 - [TEST_STEP][PASSED] - maximizeWindow: Current window maximized

2017-11-09 07:08:35 - [MESSAGE][PASSED] - Current window maximized

2017-11-09 07:08:35 - [TEST_STEP][PASSED] - com.demo.utilities.CommonUtilities.waitForPageLoad: com.demo.utilities.CommonUtilities.waitForPageLoad is PASSED

2017-11-09 07:08:35 - [MESSAGE][PASSED] - Wait for page load successfully

2017-11-09 07:08:35 - [MESSAGE][PASSED] - com.demo.utilities.CommonUtilities.waitForPageLoad is PASSED

2017-11-09 07:08:35 - [TEST_STEP][PASSED] - delay: Delayed 3 second(s)

2017-11-09 07:08:38 - [MESSAGE][PASSED] - Delayed 3 second(s)

2017-11-09 07:08:38 - [TEST_STEP][PASSED] - callTestCase: Call Test Case 'Test Cases/Common Test Cases/Login' successfully

2017-11-09 07:08:38 - [TEST_CASE][PASSED] - Test Cases/Common Test Cases/Login: Test Cases/Common Test Cases/Login

2017-11-09 07:08:38 - [TEST_STEP][PASSED] - com.demo.utilities.CommonUtilities.waitForElementVisible: com.demo.utilities.CommonUtilities.waitForElementVisible is PASSED

2017-11-09 07:08:38 - [MESSAGE][PASSED] - Object 'Object Repository/Page_CuraHomePage/a_Make Appointment' is visible

2017-11-09 07:08:38 - [MESSAGE][PASSED] - com.demo.utilities.CommonUtilities.waitForElementVisible is PASSED

2017-11-09 07:08:38 - [TEST_STEP][PASSED] - com.demo.utilities.CommonUtilities.clickOnElement: com.demo.utilities.CommonUtilities.clickOnElement is PASSED

2017-11-09 07:08:38 - [MESSAGE][PASSED] - Object 'Object Repository/Page_CuraHomePage/a_Make Appointment' is visible

2017-11-09 07:08:39 - [MESSAGE][PASSED] - Object: 'Object Repository/Page_CuraHomePage/a_Make Appointment' is clicked on

2017-11-09 07:08:39 - [MESSAGE][PASSED] - com.demo.utilities.CommonUtilities.clickOnElement is PASSED

2017-11-09 07:08:39 - [TEST_STEP][PASSED] - com.demo.utilities.CommonUtilities.waitForPageLoad: com.demo.utilities.CommonUtilities.waitForPageLoad is PASSED

2017-11-09 07:08:39 - [MESSAGE][PASSED] - Wait for page load successfully

2017-11-09 07:08:39 - [MESSAGE][PASSED] - com.demo.utilities.CommonUtilities.waitForPageLoad is PASSED

2017-11-09 07:08:39 - [TEST_STEP][PASSED] - delay: Delayed 3 second(s)

2017-11-09 07:08:42 - [MESSAGE][PASSED] - Delayed 3 second(s)

2017-11-09 07:08:42 - [TEST_STEP][PASSED] - com.demo.utilities.CommonUtilities.waitForElementVisible: com.demo.utilities.CommonUtilities.waitForElementVisible is PASSED

2017-11-09 07:08:42 - [MESSAGE][PASSED] - Object 'Object Repository/Page_Login/input_username' is visible

2017-11-09 07:08:42 - [MESSAGE][PASSED] - com.demo.utilities.CommonUtilities.waitForElementVisible is PASSED

2017-11-09 07:08:42 - [TEST_STEP][PASSED] - com.demo.utilities.CommonUtilities.setTextOnElement: com.demo.utilities.CommonUtilities.setTextOnElement is PASSED

2017-11-09 07:08:42 - [MESSAGE][PASSED] - Object 'Object Repository/Page_Login/input_username' is visible

2017-11-09 07:08:42 - [MESSAGE][PASSED] - Text '' is set on object 'Object Repository/Page_Login/input_username'

2017-11-09 07:08:42 - [MESSAGE][PASSED] - Text 'John Doe' is set on object 'Object Repository/Page_Login/input_username'

2017-11-09 07:08:42 - [MESSAGE][PASSED] - com.demo.utilities.CommonUtilities.setTextOnElement is PASSED

2017-11-09 07:08:42 - [TEST_STEP][PASSED] - com.demo.utilities.CommonUtilities.waitForElementVisible: com.demo.utilities.CommonUtilities.waitForElementVisible is PASSED

2017-11-09 07:08:42 - [MESSAGE][PASSED] - Object 'Object Repository/Page_Login/input_password' is visible

2017-11-09 07:08:42 - [MESSAGE][PASSED] - com.demo.utilities.CommonUtilities.waitForElementVisible is PASSED

2017-11-09 07:08:42 - [TEST_STEP][PASSED] - com.demo.utilities.CommonUtilities.setTextOnElement: com.demo.utilities.CommonUtilities.setTextOnElement is PASSED

2017-11-09 07:08:43 - [MESSAGE][PASSED] - Object 'Object Repository/Page_Login/input_password' is visible

2017-11-09 07:08:43 - [MESSAGE][PASSED] - Text '' is set on object 'Object Repository/Page_Login/input_password'

2017-11-09 07:08:43 - [MESSAGE][PASSED] - Text 'ThisIsNotAPassword' is set on object 'Object Repository/Page_Login/input_password'

2017-11-09 07:08:43 - [MESSAGE][PASSED] - com.demo.utilities.CommonUtilities.setTextOnElement is PASSED

2017-11-09 07:08:43 - [TEST_STEP][PASSED] - com.demo.utilities.CommonUtilities.waitForElementVisible: com.demo.utilities.CommonUtilities.waitForElementVisible is PASSED

2017-11-09 07:08:43 - [MESSAGE][PASSED] - Object 'Object Repository/Page_Login/button_Login' is visible

2017-11-09 07:08:43 - [MESSAGE][PASSED] - com.demo.utilities.CommonUtilities.waitForElementVisible is PASSED

2017-11-09 07:08:43 - [TEST_STEP][PASSED] - com.demo.utilities.CommonUtilities.clickOnElement: com.demo.utilities.CommonUtilities.clickOnElement is PASSED

2017-11-09 07:08:43 - [MESSAGE][PASSED] - Object 'Object Repository/Page_Login/button_Login' is visible

2017-11-09 07:08:44 - [MESSAGE][PASSED] - Object: 'Object Repository/Page_Login/button_Login' is clicked on

2017-11-09 07:08:44 - [MESSAGE][PASSED] - com.demo.utilities.CommonUtilities.clickOnElement is PASSED

2017-11-09 07:08:44 - [TEST_STEP][PASSED] - com.demo.utilities.CommonUtilities.waitForPageLoad: com.demo.utilities.CommonUtilities.waitForPageLoad is PASSED

2017-11-09 07:08:44 - [MESSAGE][PASSED] - Wait for page load successfully

2017-11-09 07:08:44 - [MESSAGE][PASSED] - com.demo.utilities.CommonUtilities.waitForPageLoad is PASSED

2017-11-09 07:08:44 - [TEST_STEP][PASSED] - delay: Delayed 3 second(s)

2017-11-09 07:08:47 - [MESSAGE][PASSED] - Delayed 3 second(s)

2017-11-09 07:08:47 - [MESSAGE][PASSED] - Call Test Case 'Test Cases/Common Test Cases/Login' successfully

2017-11-09 07:08:47 - [TEST_STEP][PASSED] - waitForElementVisible: Object 'Object Repository/Page_CuraAppointment/select_facility' is visible

2017-11-09 07:08:47 - [MESSAGE][PASSED] - Object 'Object Repository/Page_CuraAppointment/select_facility' is visible

2017-11-09 07:08:47 - [TEST_STEP][PASSED] - Statement - flag = CustomKeywords.com.demo.utilities.CommonUtilities.checkDropDownListElementExist(com.kms.katalon.core.testobject.ObjectRepository.findTestObject(Page_CuraAppointment/select_facility), "Hongkong CURA Healthcare Center"): com.demo.utilities.CommonUtilities.checkDropDownListElementExist is PASSED

2017-11-09 07:08:47 - [MESSAGE][PASSED] - com.demo.utilities.CommonUtilities.checkDropDownListElementExist is PASSED

2017-11-09 07:08:47 - [TEST_STEP][PASSED] - Statement - If (flag): All options with value 'Hongkong CURA Healthcare Center' are selected in object 'Object Repository/Page_CuraAppointment/select_facility'  using regular expression

2017-11-09 07:08:47 - [TEST_STEP][PASSED] - selectOptionByValue: All options with value 'Hongkong CURA Healthcare Center' are selected in object 'Object Repository/Page_CuraAppointment/select_facility'  using regular expression

2017-11-09 07:08:47 - [MESSAGE][PASSED] - All options with value 'Hongkong CURA Healthcare Center' are selected in object 'Object Repository/Page_CuraAppointment/select_facility'  using regular expression

2017-11-09 07:08:47 - [TEST_STEP][PASSED] - com.demo.utilities.CommonUtilities.clickOnElement: com.demo.utilities.CommonUtilities.clickOnElement is PASSED

2017-11-09 07:08:47 - [MESSAGE][PASSED] - Object 'Object Repository/Page_CuraAppointment/input_hospital_readmission' is visible

2017-11-09 07:08:47 - [MESSAGE][PASSED] - Object: 'Object Repository/Page_CuraAppointment/input_hospital_readmission' is clicked on

2017-11-09 07:08:47 - [MESSAGE][PASSED] - com.demo.utilities.CommonUtilities.clickOnElement is PASSED

2017-11-09 07:08:47 - [TEST_STEP][PASSED] - com.demo.utilities.CommonUtilities.clickOnElement: com.demo.utilities.CommonUtilities.clickOnElement is PASSED

2017-11-09 07:08:47 - [MESSAGE][PASSED] - Object 'Object Repository/Page_CuraAppointment/input_programs' is visible

2017-11-09 07:08:47 - [MESSAGE][PASSED] - Object: 'Object Repository/Page_CuraAppointment/input_programs' is clicked on

2017-11-09 07:08:47 - [MESSAGE][PASSED] - com.demo.utilities.CommonUtilities.clickOnElement is PASSED

2017-11-09 07:08:47 - [TEST_STEP][PASSED] - com.demo.utilities.CommonUtilities.clickOnElement: com.demo.utilities.CommonUtilities.clickOnElement is PASSED

2017-11-09 07:08:47 - [MESSAGE][PASSED] - Object 'Object Repository/Page_CuraAppointment/VisitDate' is visible

2017-11-09 07:08:47 - [MESSAGE][PASSED] - Object: 'Object Repository/Page_CuraAppointment/VisitDate' is clicked on

2017-11-09 07:08:47 - [MESSAGE][PASSED] - com.demo.utilities.CommonUtilities.clickOnElement is PASSED

2017-11-09 07:08:47 - [TEST_STEP][PASSED] - com.demo.utilities.CommonUtilities.clickOnElement: com.demo.utilities.CommonUtilities.clickOnElement is PASSED

2017-11-09 07:08:47 - [MESSAGE][PASSED] - Object 'Object Repository/Page_CuraAppointment/td_25' is visible

2017-11-09 07:08:48 - [MESSAGE][PASSED] - Object: 'Object Repository/Page_CuraAppointment/td_25' is clicked on

2017-11-09 07:08:48 - [MESSAGE][PASSED] - com.demo.utilities.CommonUtilities.clickOnElement is PASSED

2017-11-09 07:08:48 - [TEST_STEP][PASSED] - com.demo.utilities.CommonUtilities.setTextOnElement: com.demo.utilities.CommonUtilities.setTextOnElement is PASSED

2017-11-09 07:08:48 - [MESSAGE][PASSED] - Object 'Object Repository/Page_CuraAppointment/textarea_comment' is visible

2017-11-09 07:08:48 - [MESSAGE][PASSED] - Text '' is set on object 'Object Repository/Page_CuraAppointment/textarea_comment'

2017-11-09 07:08:48 - [MESSAGE][PASSED] - Text 'Booking appointment' is set on object 'Object Repository/Page_CuraAppointment/textarea_comment'

2017-11-09 07:08:48 - [MESSAGE][PASSED] - com.demo.utilities.CommonUtilities.setTextOnElement is PASSED

2017-11-09 07:08:48 - [TEST_STEP][PASSED] - delay: Delayed 3 second(s)

2017-11-09 07:08:51 - [MESSAGE][PASSED] - Delayed 3 second(s)

2017-11-09 07:08:51 - [TEST_STEP][PASSED] - com.demo.utilities.CommonUtilities.clickOnElement: com.demo.utilities.CommonUtilities.clickOnElement is PASSED

2017-11-09 07:08:51 - [MESSAGE][PASSED] - Object 'Object Repository/Page_CuraAppointment/button_Book Appointment' is visible

2017-11-09 07:08:52 - [MESSAGE][PASSED] - Object: 'Object Repository/Page_CuraAppointment/button_Book Appointment' is clicked on

2017-11-09 07:08:52 - [MESSAGE][PASSED] - com.demo.utilities.CommonUtilities.clickOnElement is PASSED

2017-11-09 07:08:52 - [TEST_STEP][PASSED] - com.demo.utilities.CommonUtilities.waitForPageLoad: com.demo.utilities.CommonUtilities.waitForPageLoad is PASSED

2017-11-09 07:08:52 - [MESSAGE][PASSED] - Wait for page load successfully

2017-11-09 07:08:52 - [MESSAGE][PASSED] - com.demo.utilities.CommonUtilities.waitForPageLoad is PASSED

2017-11-09 07:08:52 - [TEST_STEP][PASSED] - delay: Delayed 3 second(s)

2017-11-09 07:08:55 - [MESSAGE][PASSED] - Delayed 3 second(s)

2017-11-09 07:08:55 - [TEST_STEP][PASSED] - verifyTextPresent: Text 'Appointment Confirmation' is present on page  using regular expression

2017-11-09 07:08:55 - [MESSAGE][PASSED] - Text 'Appointment Confirmation' is present on page  using regular expression

2017-11-09 07:08:55 - [TEST_STEP][PASSED] - closeBrowser: Browser is closed

2017-11-09 07:08:55 - [MESSAGE][PASSED] - Browser is closed]]></system-out>
         <system-err><![CDATA[]]></system-err>
      </testcase>
      <system-out><![CDATA[2017-11-09 07:08:04 - [TEST_SUITE][PASSED] - RegressionTests: Test Cases/Main Test Cases/TC2_Verify Successful Appointment]]></system-out>
      <system-err><![CDATA[]]></system-err>
   </testsuite>
</testsuites>
